# JRE version: Java(TM) SE Runtime Environment (8.0_301-b09) (build 1.8.0_301-b09)
# Java VM: Java HotSpot(TM) 64-Bit Server VM (25.301-b09 mixed mode windows-amd64 compressed oops)
Heap:
 PSYoungGen      total 71680K, used 2723K [0x00000000f5580000, 0x00000000fff80000, 0x0000000100000000)
  eden space 66560K, 4% used [0x00000000f5580000,0x00000000f5828ea0,0x00000000f9680000)
  from space 5120K, 0% used [0x00000000f9680000,0x00000000f9680000,0x00000000f9b80000)
  to   space 20480K, 0% used [0x00000000feb80000,0x00000000feb80000,0x00000000fff80000)
 ParOldGen       total 91648K, used 24646K [0x00000000e0000000, 0x00000000e5980000, 0x00000000f5580000)
  object space 91648K, 26% used [0x00000000e0000000,0x00000000e1811a20,0x00000000e5980000)
 Metaspace       used 20653K, capacity 21630K, committed 21936K, reserved 1069056K
  class space    used 2423K, capacity 2643K, committed 2736K, reserved 1048576K
GC Heap History (10 events):
Event: 3.063 GC heap before
{Heap before GC invocations=2 (full 0):
 PSYoungGen      total 38400K, used 38386K [0x00000000f5580000, 0x00000000f8000000, 0x0000000100000000)
  eden space 33280K, 100% used [0x00000000f5580000,0x00000000f7600000,0x00000000f7600000)
  from space 5120K, 99% used [0x00000000f7600000,0x00000000f7afca80,0x00000000f7b00000)
  to   space 5120K, 0% used [0x00000000f7b00000,0x00000000f7b00000,0x00000000f8000000)
 ParOldGen       total 87552K, used 2363K [0x00000000e0000000, 0x00000000e5580000, 0x00000000f5580000)
  object space 87552K, 2% used [0x00000000e0000000,0x00000000e024ec08,0x00000000e5580000)
 Metaspace       used 14820K, capacity 15146K, committed 15360K, reserved 1062912K
  class space    used 1677K, capacity 1773K, committed 1792K, reserved 1048576K
Event: 3.106 GC heap after
Heap after GC invocations=2 (full 0):
 PSYoungGen      total 38400K, used 5090K [0x00000000f5580000, 0x00000000fa080000, 0x0000000100000000)
  eden space 33280K, 0% used [0x00000000f5580000,0x00000000f5580000,0x00000000f7600000)
  from space 5120K, 99% used [0x00000000f7b00000,0x00000000f7ff8848,0x00000000f8000000)
  to   space 5120K, 0% used [0x00000000f7600000,0x00000000f7600000,0x00000000f7b00000)
 ParOldGen       total 87552K, used 9534K [0x00000000e0000000, 0x00000000e5580000, 0x00000000f5580000)
  object space 87552K, 10% used [0x00000000e0000000,0x00000000e094f958,0x00000000e5580000)
 Metaspace       used 14820K, capacity 15146K, committed 15360K, reserved 1062912K
  class space    used 1677K, capacity 1773K, committed 1792K, reserved 1048576K
}
Event: 3.757 GC heap before
{Heap before GC invocations=3 (full 0):
 PSYoungGen      total 38400K, used 38370K [0x00000000f5580000, 0x00000000fa080000, 0x0000000100000000)
  eden space 33280K, 100% used [0x00000000f5580000,0x00000000f7600000,0x00000000f7600000)
  from space 5120K, 99% used [0x00000000f7b00000,0x00000000f7ff8848,0x00000000f8000000)
  to   space 5120K, 0% used [0x00000000f7600000,0x00000000f7600000,0x00000000f7b00000)
 ParOldGen       total 87552K, used 9534K [0x00000000e0000000, 0x00000000e5580000, 0x00000000f5580000)
  object space 87552K, 10% used [0x00000000e0000000,0x00000000e094f958,0x00000000e5580000)
 Metaspace       used 16201K, capacity 16490K, committed 16768K, reserved 1064960K
  class space    used 1787K, capacity 1901K, committed 1920K, reserved 1048576K
Event: 3.770 GC heap after
Heap after GC invocations=3 (full 0):
 PSYoungGen      total 38400K, used 5090K [0x00000000f5580000, 0x00000000fa080000, 0x0000000100000000)
  eden space 33280K, 0% used [0x00000000f5580000,0x00000000f5580000,0x00000000f7600000)
  from space 5120K, 99% used [0x00000000f7600000,0x00000000f7af8b50,0x00000000f7b00000)
  to   space 5120K, 0% used [0x00000000f9b80000,0x00000000f9b80000,0x00000000fa080000)
 ParOldGen       total 87552K, used 14168K [0x00000000e0000000, 0x00000000e5580000, 0x00000000f5580000)
  object space 87552K, 16% used [0x00000000e0000000,0x00000000e0dd6178,0x00000000e5580000)
 Metaspace       used 16201K, capacity 16490K, committed 16768K, reserved 1064960K
  class space    used 1787K, capacity 1901K, committed 1920K, reserved 1048576K
}
Event: 4.692 GC heap before
{Heap before GC invocations=4 (full 0):
 PSYoungGen      total 38400K, used 38370K [0x00000000f5580000, 0x00000000fa080000, 0x0000000100000000)
  eden space 33280K, 100% used [0x00000000f5580000,0x00000000f7600000,0x00000000f7600000)
  from space 5120K, 99% used [0x00000000f7600000,0x00000000f7af8b50,0x00000000f7b00000)
  to   space 5120K, 0% used [0x00000000f9b80000,0x00000000f9b80000,0x00000000fa080000)
 ParOldGen       total 87552K, used 14168K [0x00000000e0000000, 0x00000000e5580000, 0x00000000f5580000)
  object space 87552K, 16% used [0x00000000e0000000,0x00000000e0dd6178,0x00000000e5580000)
 Metaspace       used 17311K, capacity 17642K, committed 17920K, reserved 1064960K
  class space    used 1906K, capacity 2029K, committed 2048K, reserved 1048576K
Event: 4.707 GC heap after
Heap after GC invocations=4 (full 0):
 PSYoungGen      total 71680K, used 5106K [0x00000000f5580000, 0x00000000fa080000, 0x0000000100000000)
  eden space 66560K, 0% used [0x00000000f5580000,0x00000000f5580000,0x00000000f9680000)
  from space 5120K, 99% used [0x00000000f9b80000,0x00000000fa07cb60,0x00000000fa080000)
  to   space 5120K, 0% used [0x00000000f9680000,0x00000000f9680000,0x00000000f9b80000)
 ParOldGen       total 87552K, used 17758K [0x00000000e0000000, 0x00000000e5580000, 0x00000000f5580000)
  object space 87552K, 20% used [0x00000000e0000000,0x00000000e1157af8,0x00000000e5580000)
 Metaspace       used 17311K, capacity 17642K, committed 17920K, reserved 1064960K
  class space    used 1906K, capacity 2029K, committed 2048K, reserved 1048576K
}
Event: 7.297 GC heap before
{Heap before GC invocations=5 (full 0):
 PSYoungGen      total 71680K, used 70193K [0x00000000f5580000, 0x00000000fa080000, 0x0000000100000000)
  eden space 66560K, 97% used [0x00000000f5580000,0x00000000f950fc50,0x00000000f9680000)
  from space 5120K, 99% used [0x00000000f9b80000,0x00000000fa07cb60,0x00000000fa080000)
  to   space 5120K, 0% used [0x00000000f9680000,0x00000000f9680000,0x00000000f9b80000)
 ParOldGen       total 87552K, used 17758K [0x00000000e0000000, 0x00000000e5580000, 0x00000000f5580000)
  object space 87552K, 20% used [0x00000000e0000000,0x00000000e1157af8,0x00000000e5580000)
 Metaspace       used 20497K, capacity 21282K, committed 21296K, reserved 1069056K
  class space    used 2385K, capacity 2597K, committed 2608K, reserved 1048576K
Event: 7.338 GC heap after
Heap after GC invocations=5 (full 0):
 PSYoungGen      total 71680K, used 5104K [0x00000000f5580000, 0x00000000fff80000, 0x0000000100000000)
  eden space 66560K, 0% used [0x00000000f5580000,0x00000000f5580000,0x00000000f9680000)
  from space 5120K, 99% used [0x00000000f9680000,0x00000000f9b7c030,0x00000000f9b80000)
  to   space 20480K, 0% used [0x00000000feb80000,0x00000000feb80000,0x00000000fff80000)
 ParOldGen       total 87552K, used 34769K [0x00000000e0000000, 0x00000000e5580000, 0x00000000f5580000)
  object space 87552K, 39% used [0x00000000e0000000,0x00000000e21f4580,0x00000000e5580000)
 Metaspace       used 20497K, capacity 21282K, committed 21296K, reserved 1069056K
  class space    used 2385K, capacity 2597K, committed 2608K, reserved 1048576K
}
Event: 7.338 GC heap before
{Heap before GC invocations=6 (full 1):
 PSYoungGen      total 71680K, used 5104K [0x00000000f5580000, 0x00000000fff80000, 0x0000000100000000)
  eden space 66560K, 0% used [0x00000000f5580000,0x00000000f5580000,0x00000000f9680000)
  from space 5120K, 99% used [0x00000000f9680000,0x00000000f9b7c030,0x00000000f9b80000)
  to   space 20480K, 0% used [0x00000000feb80000,0x00000000feb80000,0x00000000fff80000)
 ParOldGen       total 87552K, used 34769K [0x00000000e0000000, 0x00000000e5580000, 0x00000000f5580000)
  object space 87552K, 39% used [0x00000000e0000000,0x00000000e21f4580,0x00000000e5580000)
 Metaspace       used 20497K, capacity 21282K, committed 21296K, reserved 1069056K
  class space    used 2385K, capacity 2597K, committed 2608K, reserved 1048576K
Event: 7.497 GC heap after
Heap after GC invocations=6 (full 1):
 PSYoungGen      total 71680K, used 0K [0x00000000f5580000, 0x00000000fff80000, 0x0000000100000000)
  eden space 66560K, 0% used [0x00000000f5580000,0x00000000f5580000,0x00000000f9680000)
  from space 5120K, 0% used [0x00000000f9680000,0x00000000f9680000,0x00000000f9b80000)
  to   space 20480K, 0% used [0x00000000feb80000,0x00000000feb80000,0x00000000fff80000)
 ParOldGen       total 91648K, used 24646K [0x00000000e0000000, 0x00000000e5980000, 0x00000000f5580000)
  object space 91648K, 26% used [0x00000000e0000000,0x00000000e1811a20,0x00000000e5980000)
 Metaspace       used 20497K, capacity 21282K, committed 21296K, reserved 1069056K
  class space    used 2385K, capacity 2597K, committed 2608K, reserved 1048576K
}

