# JRE version: Java(TM) SE Runtime Environment (8.0_301-b09) (build 1.8.0_301-b09)
# Java VM: Java HotSpot(TM) 64-Bit Server VM (25.301-b09 mixed mode windows-amd64 compressed oops)
Heap:
 PSYoungGen      total 89088K, used 52700K [0x00000000f5580000, 0x00000000fc080000, 0x0000000100000000)
  eden space 68608K, 54% used [0x00000000f5580000,0x00000000f79d53b0,0x00000000f9880000)
  from space 20480K, 75% used [0x00000000fac80000,0x00000000fbba1d10,0x00000000fc080000)
  to   space 20480K, 0% used [0x00000000f9880000,0x00000000f9880000,0x00000000fac80000)
 ParOldGen       total 93184K, used 29555K [0x00000000e0000000, 0x00000000e5b00000, 0x00000000f5580000)
  object space 93184K, 31% used [0x00000000e0000000,0x00000000e1cdcce0,0x00000000e5b00000)
 Metaspace       used 32166K, capacity 33932K, committed 34096K, reserved 1079296K
  class space    used 3988K, capacity 4370K, committed 4400K, reserved 1048576K
GC Heap History (10 events):
Event: 8.026 GC heap before
{Heap before GC invocations=5 (full 0):
 PSYoungGen      total 71680K, used 70971K [0x00000000f5580000, 0x00000000fa080000, 0x0000000100000000)
  eden space 66560K, 98% used [0x00000000f5580000,0x00000000f95d68d8,0x00000000f9680000)
  from space 5120K, 99% used [0x00000000f9b80000,0x00000000fa0783e8,0x00000000fa080000)
  to   space 5120K, 0% used [0x00000000f9680000,0x00000000f9680000,0x00000000f9b80000)
 ParOldGen       total 87552K, used 23505K [0x00000000e0000000, 0x00000000e5580000, 0x00000000f5580000)
  object space 87552K, 26% used [0x00000000e0000000,0x00000000e16f4768,0x00000000e5580000)
 Metaspace       used 20508K, capacity 21282K, committed 21296K, reserved 1069056K
  class space    used 2385K, capacity 2597K, committed 2608K, reserved 1048576K
Event: 8.055 GC heap after
Heap after GC invocations=5 (full 0):
 PSYoungGen      total 71680K, used 5088K [0x00000000f5580000, 0x00000000fa080000, 0x0000000100000000)
  eden space 66560K, 0% used [0x00000000f5580000,0x00000000f5580000,0x00000000f9680000)
  from space 5120K, 99% used [0x00000000f9680000,0x00000000f9b783e8,0x00000000f9b80000)
  to   space 5120K, 0% used [0x00000000f9b80000,0x00000000f9b80000,0x00000000fa080000)
 ParOldGen       total 87552K, used 40173K [0x00000000e0000000, 0x00000000e5580000, 0x00000000f5580000)
  object space 87552K, 45% used [0x00000000e0000000,0x00000000e273b7b8,0x00000000e5580000)
 Metaspace       used 20508K, capacity 21282K, committed 21296K, reserved 1069056K
  class space    used 2385K, capacity 2597K, committed 2608K, reserved 1048576K
}
Event: 8.055 GC heap before
{Heap before GC invocations=6 (full 1):
 PSYoungGen      total 71680K, used 5088K [0x00000000f5580000, 0x00000000fa080000, 0x0000000100000000)
  eden space 66560K, 0% used [0x00000000f5580000,0x00000000f5580000,0x00000000f9680000)
  from space 5120K, 99% used [0x00000000f9680000,0x00000000f9b783e8,0x00000000f9b80000)
  to   space 5120K, 0% used [0x00000000f9b80000,0x00000000f9b80000,0x00000000fa080000)
 ParOldGen       total 87552K, used 40173K [0x00000000e0000000, 0x00000000e5580000, 0x00000000f5580000)
  object space 87552K, 45% used [0x00000000e0000000,0x00000000e273b7b8,0x00000000e5580000)
 Metaspace       used 20508K, capacity 21282K, committed 21296K, reserved 1069056K
  class space    used 2385K, capacity 2597K, committed 2608K, reserved 1048576K
Event: 8.193 GC heap after
Heap after GC invocations=6 (full 1):
 PSYoungGen      total 71680K, used 0K [0x00000000f5580000, 0x00000000fa080000, 0x0000000100000000)
  eden space 66560K, 0% used [0x00000000f5580000,0x00000000f5580000,0x00000000f9680000)
  from space 5120K, 0% used [0x00000000f9680000,0x00000000f9680000,0x00000000f9b80000)
  to   space 5120K, 0% used [0x00000000f9b80000,0x00000000f9b80000,0x00000000fa080000)
 ParOldGen       total 93184K, used 24059K [0x00000000e0000000, 0x00000000e5b00000, 0x00000000f5580000)
  object space 93184K, 25% used [0x00000000e0000000,0x00000000e177edf0,0x00000000e5b00000)
 Metaspace       used 20508K, capacity 21282K, committed 21296K, reserved 1069056K
  class space    used 2385K, capacity 2597K, committed 2608K, reserved 1048576K
}
Event: 11.428 GC heap before
{Heap before GC invocations=7 (full 1):
 PSYoungGen      total 71680K, used 66560K [0x00000000f5580000, 0x00000000fa080000, 0x0000000100000000)
  eden space 66560K, 100% used [0x00000000f5580000,0x00000000f9680000,0x00000000f9680000)
  from space 5120K, 0% used [0x00000000f9680000,0x00000000f9680000,0x00000000f9b80000)
  to   space 5120K, 0% used [0x00000000f9b80000,0x00000000f9b80000,0x00000000fa080000)
 ParOldGen       total 93184K, used 24059K [0x00000000e0000000, 0x00000000e5b00000, 0x00000000f5580000)
  object space 93184K, 25% used [0x00000000e0000000,0x00000000e177edf0,0x00000000e5b00000)
 Metaspace       used 24807K, capacity 26164K, committed 26416K, reserved 1073152K
  class space    used 2937K, capacity 3264K, committed 3376K, reserved 1048576K
Event: 11.445 GC heap after
Heap after GC invocations=7 (full 1):
 PSYoungGen      total 55296K, used 5104K [0x00000000f5580000, 0x00000000fda80000, 0x0000000100000000)
  eden space 50176K, 0% used [0x00000000f5580000,0x00000000f5580000,0x00000000f8680000)
  from space 5120K, 99% used [0x00000000f9b80000,0x00000000fa07c010,0x00000000fa080000)
  to   space 21504K, 0% used [0x00000000f8680000,0x00000000f8680000,0x00000000f9b80000)
 ParOldGen       total 93184K, used 29539K [0x00000000e0000000, 0x00000000e5b00000, 0x00000000f5580000)
  object space 93184K, 31% used [0x00000000e0000000,0x00000000e1cd8ce0,0x00000000e5b00000)
 Metaspace       used 24807K, capacity 26164K, committed 26416K, reserved 1073152K
  class space    used 2937K, capacity 3264K, committed 3376K, reserved 1048576K
}
Event: 14.961 GC heap before
{Heap before GC invocations=8 (full 1):
 PSYoungGen      total 55296K, used 55280K [0x00000000f5580000, 0x00000000fda80000, 0x0000000100000000)
  eden space 50176K, 100% used [0x00000000f5580000,0x00000000f8680000,0x00000000f8680000)
  from space 5120K, 99% used [0x00000000f9b80000,0x00000000fa07c010,0x00000000fa080000)
  to   space 21504K, 0% used [0x00000000f8680000,0x00000000f8680000,0x00000000f9b80000)
 ParOldGen       total 93184K, used 29539K [0x00000000e0000000, 0x00000000e5b00000, 0x00000000f5580000)
  object space 93184K, 31% used [0x00000000e0000000,0x00000000e1cd8ce0,0x00000000e5b00000)
 Metaspace       used 28584K, capacity 29918K, committed 30128K, reserved 1075200K
  class space    used 3445K, capacity 3741K, committed 3760K, reserved 1048576K
Event: 14.982 GC heap after
Heap after GC invocations=8 (full 1):
 PSYoungGen      total 71680K, used 11764K [0x00000000f5580000, 0x00000000fc080000, 0x0000000100000000)
  eden space 50176K, 0% used [0x00000000f5580000,0x00000000f5580000,0x00000000f8680000)
  from space 21504K, 54% used [0x00000000f8680000,0x00000000f91fd1d8,0x00000000f9b80000)
  to   space 20480K, 0% used [0x00000000fac80000,0x00000000fac80000,0x00000000fc080000)
 ParOldGen       total 93184K, used 29547K [0x00000000e0000000, 0x00000000e5b00000, 0x00000000f5580000)
  object space 93184K, 31% used [0x00000000e0000000,0x00000000e1cdace0,0x00000000e5b00000)
 Metaspace       used 28584K, capacity 29918K, committed 30128K, reserved 1075200K
  class space    used 3445K, capacity 3741K, committed 3760K, reserved 1048576K
}
Event: 16.799 GC heap before
{Heap before GC invocations=9 (full 1):
 PSYoungGen      total 71680K, used 61940K [0x00000000f5580000, 0x00000000fc080000, 0x0000000100000000)
  eden space 50176K, 100% used [0x00000000f5580000,0x00000000f8680000,0x00000000f8680000)
  from space 21504K, 54% used [0x00000000f8680000,0x00000000f91fd1d8,0x00000000f9b80000)
  to   space 20480K, 0% used [0x00000000fac80000,0x00000000fac80000,0x00000000fc080000)
 ParOldGen       total 93184K, used 29547K [0x00000000e0000000, 0x00000000e5b00000, 0x00000000f5580000)
  object space 93184K, 31% used [0x00000000e0000000,0x00000000e1cdace0,0x00000000e5b00000)
 Metaspace       used 30596K, capacity 32214K, committed 32304K, reserved 1077248K
  class space    used 3752K, capacity 4081K, committed 4144K, reserved 1048576K
Event: 16.818 GC heap after
Heap after GC invocations=9 (full 1):
 PSYoungGen      total 89088K, used 15495K [0x00000000f5580000, 0x00000000fc080000, 0x0000000100000000)
  eden space 68608K, 0% used [0x00000000f5580000,0x00000000f5580000,0x00000000f9880000)
  from space 20480K, 75% used [0x00000000fac80000,0x00000000fbba1d10,0x00000000fc080000)
  to   space 20480K, 0% used [0x00000000f9880000,0x00000000f9880000,0x00000000fac80000)
 ParOldGen       total 93184K, used 29555K [0x00000000e0000000, 0x00000000e5b00000, 0x00000000f5580000)
  object space 93184K, 31% used [0x00000000e0000000,0x00000000e1cdcce0,0x00000000e5b00000)
 Metaspace       used 30596K, capacity 32214K, committed 32304K, reserved 1077248K
  class space    used 3752K, capacity 4081K, committed 4144K, reserved 1048576K
}

