# JRE version: Java(TM) SE Runtime Environment (8.0_301-b09) (build 1.8.0_301-b09)
# Java VM: Java HotSpot(TM) 64-Bit Server VM (25.301-b09 mixed mode windows-amd64 compressed oops)
Heap:
 PSYoungGen      total 155136K, used 52500K [0x00000000f5580000, 0x0000000100000000, 0x0000000100000000)
  eden space 141824K, 27% used [0x00000000f5580000,0x00000000f7bcb028,0x00000000fe000000)
  from space 13312K, 99% used [0x00000000ff300000,0x00000000ffffa070,0x0000000100000000)
  to   space 16384K, 0% used [0x00000000fe000000,0x00000000fe000000,0x00000000ff000000)
 ParOldGen       total 177152K, used 20176K [0x00000000e0000000, 0x00000000ead00000, 0x00000000f5580000)
  object space 177152K, 11% used [0x00000000e0000000,0x00000000e13b4330,0x00000000ead00000)
 Metaspace       used 50276K, capacity 54062K, committed 54232K, reserved 1095680K
  class space    used 7480K, capacity 8157K, committed 8192K, reserved 1048576K
GC Heap History (10 events):
Event: 8.944 GC heap before
{Heap before GC invocations=8 (full 1):
 PSYoungGen      total 108032K, used 30232K [0x00000000f5580000, 0x00000000fcd80000, 0x0000000100000000)
  eden space 95232K, 21% used [0x00000000f5580000,0x00000000f692c970,0x00000000fb280000)
  from space 12800K, 78% used [0x00000000fbf80000,0x00000000fc959868,0x00000000fcc00000)
  to   space 13312K, 0% used [0x00000000fb280000,0x00000000fb280000,0x00000000fbf80000)
 ParOldGen       total 175104K, used 9827K [0x00000000e0000000, 0x00000000eab00000, 0x00000000f5580000)
  object space 175104K, 5% used [0x00000000e0000000,0x00000000e0998e88,0x00000000eab00000)
 Metaspace       used 33820K, capacity 35270K, committed 35416K, reserved 1079296K
  class space    used 4831K, capacity 5163K, committed 5248K, reserved 1048576K
Event: 8.960 GC heap after
Heap after GC invocations=8 (full 1):
 PSYoungGen      total 108544K, used 7311K [0x00000000f5580000, 0x00000000fff80000, 0x0000000100000000)
  eden space 95232K, 0% used [0x00000000f5580000,0x00000000f5580000,0x00000000fb280000)
  from space 13312K, 54% used [0x00000000fb280000,0x00000000fb9a3e80,0x00000000fbf80000)
  to   space 12800K, 0% used [0x00000000ff300000,0x00000000ff300000,0x00000000fff80000)
 ParOldGen       total 175104K, used 9835K [0x00000000e0000000, 0x00000000eab00000, 0x00000000f5580000)
  object space 175104K, 5% used [0x00000000e0000000,0x00000000e099ae88,0x00000000eab00000)
 Metaspace       used 33820K, capacity 35270K, committed 35416K, reserved 1079296K
  class space    used 4831K, capacity 5163K, committed 5248K, reserved 1048576K
}
Event: 8.960 GC heap before
{Heap before GC invocations=9 (full 2):
 PSYoungGen      total 108544K, used 7311K [0x00000000f5580000, 0x00000000fff80000, 0x0000000100000000)
  eden space 95232K, 0% used [0x00000000f5580000,0x00000000f5580000,0x00000000fb280000)
  from space 13312K, 54% used [0x00000000fb280000,0x00000000fb9a3e80,0x00000000fbf80000)
  to   space 12800K, 0% used [0x00000000ff300000,0x00000000ff300000,0x00000000fff80000)
 ParOldGen       total 175104K, used 9835K [0x00000000e0000000, 0x00000000eab00000, 0x00000000f5580000)
  object space 175104K, 5% used [0x00000000e0000000,0x00000000e099ae88,0x00000000eab00000)
 Metaspace       used 33820K, capacity 35270K, committed 35416K, reserved 1079296K
  class space    used 4831K, capacity 5163K, committed 5248K, reserved 1048576K
Event: 9.068 GC heap after
Heap after GC invocations=9 (full 2):
 PSYoungGen      total 108544K, used 0K [0x00000000f5580000, 0x00000000fff80000, 0x0000000100000000)
  eden space 95232K, 0% used [0x00000000f5580000,0x00000000f5580000,0x00000000fb280000)
  from space 13312K, 0% used [0x00000000fb280000,0x00000000fb280000,0x00000000fbf80000)
  to   space 12800K, 0% used [0x00000000ff300000,0x00000000ff300000,0x00000000fff80000)
 ParOldGen       total 177152K, used 14759K [0x00000000e0000000, 0x00000000ead00000, 0x00000000f5580000)
  object space 177152K, 8% used [0x00000000e0000000,0x00000000e0e69fb0,0x00000000ead00000)
 Metaspace       used 33820K, capacity 35270K, committed 35416K, reserved 1079296K
  class space    used 4831K, capacity 5163K, committed 5248K, reserved 1048576K
}
Event: 11.048 GC heap before
{Heap before GC invocations=10 (full 2):
 PSYoungGen      total 108544K, used 95232K [0x00000000f5580000, 0x00000000fff80000, 0x0000000100000000)
  eden space 95232K, 100% used [0x00000000f5580000,0x00000000fb280000,0x00000000fb280000)
  from space 13312K, 0% used [0x00000000fb280000,0x00000000fb280000,0x00000000fbf80000)
  to   space 12800K, 0% used [0x00000000ff300000,0x00000000ff300000,0x00000000fff80000)
 ParOldGen       total 177152K, used 14759K [0x00000000e0000000, 0x00000000ead00000, 0x00000000f5580000)
  object space 177152K, 8% used [0x00000000e0000000,0x00000000e0e69fb0,0x00000000ead00000)
 Metaspace       used 38952K, capacity 40834K, committed 41048K, reserved 1085440K
  class space    used 5563K, capacity 5964K, committed 6016K, reserved 1048576K
Event: 11.058 GC heap after
Heap after GC invocations=10 (full 2):
 PSYoungGen      total 134656K, used 6833K [0x00000000f5580000, 0x00000000ffa00000, 0x0000000100000000)
  eden space 127488K, 0% used [0x00000000f5580000,0x00000000f5580000,0x00000000fd200000)
  from space 7168K, 95% used [0x00000000ff300000,0x00000000ff9ac528,0x00000000ffa00000)
  to   space 12800K, 0% used [0x00000000fe100000,0x00000000fe100000,0x00000000fed80000)
 ParOldGen       total 177152K, used 14759K [0x00000000e0000000, 0x00000000ead00000, 0x00000000f5580000)
  object space 177152K, 8% used [0x00000000e0000000,0x00000000e0e69fb0,0x00000000ead00000)
 Metaspace       used 38952K, capacity 40834K, committed 41048K, reserved 1085440K
  class space    used 5563K, capacity 5964K, committed 6016K, reserved 1048576K
}
Event: 13.942 GC heap before
{Heap before GC invocations=11 (full 2):
 PSYoungGen      total 134656K, used 134321K [0x00000000f5580000, 0x00000000ffa00000, 0x0000000100000000)
  eden space 127488K, 100% used [0x00000000f5580000,0x00000000fd200000,0x00000000fd200000)
  from space 7168K, 95% used [0x00000000ff300000,0x00000000ff9ac528,0x00000000ffa00000)
  to   space 12800K, 0% used [0x00000000fe100000,0x00000000fe100000,0x00000000fed80000)
 ParOldGen       total 177152K, used 14759K [0x00000000e0000000, 0x00000000ead00000, 0x00000000f5580000)
  object space 177152K, 8% used [0x00000000e0000000,0x00000000e0e69fb0,0x00000000ead00000)
 Metaspace       used 44175K, capacity 46876K, committed 47192K, reserved 1089536K
  class space    used 6429K, capacity 6970K, committed 7040K, reserved 1048576K
Event: 13.973 GC heap after
Heap after GC invocations=11 (full 2):
 PSYoungGen      total 155648K, used 10543K [0x00000000f5580000, 0x0000000100000000, 0x0000000100000000)
  eden space 142848K, 0% used [0x00000000f5580000,0x00000000f5580000,0x00000000fe100000)
  from space 12800K, 82% used [0x00000000fe100000,0x00000000feb4bc20,0x00000000fed80000)
  to   space 13312K, 0% used [0x00000000ff300000,0x00000000ff300000,0x0000000100000000)
 ParOldGen       total 177152K, used 14767K [0x00000000e0000000, 0x00000000ead00000, 0x00000000f5580000)
  object space 177152K, 8% used [0x00000000e0000000,0x00000000e0e6bfb0,0x00000000ead00000)
 Metaspace       used 44175K, capacity 46876K, committed 47192K, reserved 1089536K
  class space    used 6429K, capacity 6970K, committed 7040K, reserved 1048576K
}
Event: 17.753 GC heap before
{Heap before GC invocations=12 (full 2):
 PSYoungGen      total 155648K, used 153391K [0x00000000f5580000, 0x0000000100000000, 0x0000000100000000)
  eden space 142848K, 100% used [0x00000000f5580000,0x00000000fe100000,0x00000000fe100000)
  from space 12800K, 82% used [0x00000000fe100000,0x00000000feb4bc20,0x00000000fed80000)
  to   space 13312K, 0% used [0x00000000ff300000,0x00000000ff300000,0x0000000100000000)
 ParOldGen       total 177152K, used 14767K [0x00000000e0000000, 0x00000000ead00000, 0x00000000f5580000)
  object space 177152K, 8% used [0x00000000e0000000,0x00000000e0e6bfb0,0x00000000ead00000)
 Metaspace       used 48968K, capacity 52644K, committed 52696K, reserved 1093632K
  class space    used 7273K, capacity 7934K, committed 7936K, reserved 1048576K
Event: 17.783 GC heap after
Heap after GC invocations=12 (full 2):
 PSYoungGen      total 155136K, used 13288K [0x00000000f5580000, 0x0000000100000000, 0x0000000100000000)
  eden space 141824K, 0% used [0x00000000f5580000,0x00000000f5580000,0x00000000fe000000)
  from space 13312K, 99% used [0x00000000ff300000,0x00000000ffffa070,0x0000000100000000)
  to   space 16384K, 0% used [0x00000000fe000000,0x00000000fe000000,0x00000000ff000000)
 ParOldGen       total 177152K, used 20176K [0x00000000e0000000, 0x00000000ead00000, 0x00000000f5580000)
  object space 177152K, 11% used [0x00000000e0000000,0x00000000e13b4330,0x00000000ead00000)
 Metaspace       used 48968K, capacity 52644K, committed 52696K, reserved 1093632K
  class space    used 7273K, capacity 7934K, committed 7936K, reserved 1048576K
}

